build/app/intermediates/manifest_merge_blame_file/release/manifest-merger-blame-release-report.txt
1<?xml version="1.0" encoding="utf-8"?>
2<manifest xmlns:android="http://schemas.android.com/apk/res/android"
3    package="com.coglix.handover"
4    android:versionCode="9"
5    android:versionName="1.0.8" >
6
7    <uses-sdk
8        android:minSdkVersion="19"
8-->src/main/AndroidManifest.xml
9        android:targetSdkVersion="30" />
9-->src/main/AndroidManifest.xml
10    <!--
11         io.flutter.app.FlutterApplication is an android.app.Application that
12         calls FlutterMain.startInitialization(this); in its onCreate method.
13         In most cases you can leave this as-is, but you if you want to provide
14         additional functionality it is fine to subclass or reimplement
15         FlutterApplication and put your custom class here.
16    -->
17
18    <uses-permission android:name="android.permission.INTERNET" />
18-->src/main/AndroidManifest.xml:9:5-66
18-->src/main/AndroidManifest.xml:9:22-64
19    <uses-permission android:name="android.permission.RECEIVE_BOOT_COMPLETED" />
19-->src/main/AndroidManifest.xml:10:5-80
19-->src/main/AndroidManifest.xml:10:22-78
20    <uses-permission android:name="android.permission.VIBRATE" />
20-->src/main/AndroidManifest.xml:11:5-65
20-->src/main/AndroidManifest.xml:11:22-63
21    <uses-permission android:name="android.permission.WRITE_EXTERNAL_STORAGE" />
21-->src/main/AndroidManifest.xml:12:5-80
21-->src/main/AndroidManifest.xml:12:22-78
22    <uses-permission android:name="android.permission.READ_EXTERNAL_STORAGE" />
22-->src/main/AndroidManifest.xml:13:5-79
22-->src/main/AndroidManifest.xml:13:22-77
23
24    <queries>
24-->[:file_picker] AndroidManifest.xml:9:5-15:15
25        <intent>
25-->[:file_picker] AndroidManifest.xml:10:9-14:18
26            <action android:name="android.intent.action.GET_CONTENT" />
26-->[:file_picker] AndroidManifest.xml:11:13-72
26-->[:file_picker] AndroidManifest.xml:11:21-69
27
28            <data android:mimeType="*/*" />
28-->src/main/AndroidManifest.xml:25:17-75
29        </intent>
30
31        <package android:name="com.kakao.talk" />
31-->[:kakao_flutter_sdk] AndroidManifest.xml:8:9-50
31-->[:kakao_flutter_sdk] AndroidManifest.xml:8:18-47
32        <package android:name="com.kakao.onetalk" />
32-->[:kakao_flutter_sdk] AndroidManifest.xml:8:9-50
32-->[:kakao_flutter_sdk] AndroidManifest.xml:8:18-47
33        <package android:name="com.android.chrome" />
33-->[:kakao_flutter_sdk] AndroidManifest.xml:8:9-50
33-->[:kakao_flutter_sdk] AndroidManifest.xml:8:18-47
34        <package android:name="com.chrome.beta" />
34-->[:kakao_flutter_sdk] AndroidManifest.xml:8:9-50
34-->[:kakao_flutter_sdk] AndroidManifest.xml:8:18-47
35        <package android:name="com.chrome.dev" />
35-->[:kakao_flutter_sdk] AndroidManifest.xml:8:9-50
35-->[:kakao_flutter_sdk] AndroidManifest.xml:8:18-47
36        <package android:name="com.locnall.KimGiSa" />
36-->[:kakao_flutter_sdk] AndroidManifest.xml:8:9-50
36-->[:kakao_flutter_sdk] AndroidManifest.xml:8:18-47
37        <package android:name="com.lguplus.navi" /> <!-- For browser content -->
37-->[:kakao_flutter_sdk] AndroidManifest.xml:8:9-50
37-->[:kakao_flutter_sdk] AndroidManifest.xml:8:18-47
38        <intent>
38-->[:file_picker] AndroidManifest.xml:10:9-14:18
39            <action android:name="android.intent.action.VIEW" />
39-->src/main/AndroidManifest.xml:22:29-81
39-->src/main/AndroidManifest.xml:22:37-78
40
41            <category android:name="android.intent.category.BROWSABLE" />
41-->src/main/AndroidManifest.xml:24:17-78
41-->src/main/AndroidManifest.xml:24:27-75
42
43            <data android:scheme="https" />
43-->src/main/AndroidManifest.xml:25:17-75
43-->src/main/AndroidManifest.xml:25:23-72
44        </intent> <!-- End of browser content -->
45        <!-- For CustomTabsService -->
46        <intent>
46-->[:file_picker] AndroidManifest.xml:10:9-14:18
47            <action android:name="android.support.customtabs.action.CustomTabsService" />
48        </intent>
49    </queries>
50
51    <uses-permission android:name="android.permission.USE_FULL_SCREEN_INTENT" />
51-->[:flutter_local_notifications] AndroidManifest.xml:9:5-81
51-->[:flutter_local_notifications] AndroidManifest.xml:9:22-78
52    <uses-permission android:name="android.permission.WAKE_LOCK" />
52-->[:firebase_messaging] AndroidManifest.xml:8:5-68
52-->[:firebase_messaging] AndroidManifest.xml:8:22-65
53    <uses-permission android:name="android.permission.ACCESS_NETWORK_STATE" />
53-->[:firebase_messaging] AndroidManifest.xml:9:5-79
53-->[:firebase_messaging] AndroidManifest.xml:9:22-76
54    <uses-permission android:name="com.google.android.finsky.permission.BIND_GET_INSTALL_REFERRER_SERVICE" /> <!-- Required by older versions of Google Play services to create IID tokens -->
54-->[com.google.android.gms:play-services-measurement:19.0.0] AndroidManifest.xml:26:5-110
54-->[com.google.android.gms:play-services-measurement:19.0.0] AndroidManifest.xml:26:22-107
55    <uses-permission android:name="com.google.android.c2dm.permission.RECEIVE" />
55-->[com.google.firebase:firebase-messaging:22.0.0] AndroidManifest.xml:25:5-82
55-->[com.google.firebase:firebase-messaging:22.0.0] AndroidManifest.xml:25:22-79
56    <uses-permission android:name="com.android.vending.BILLING" />
56-->[com.android.billingclient:billing:3.0.2] AndroidManifest.xml:10:5-67
56-->[com.android.billingclient:billing:3.0.2] AndroidManifest.xml:10:22-64
57
58    <application
58-->src/main/AndroidManifest.xml:15:5-89:19
59        android:name="androidx.multidex.MultiDexApplication"
60        android:appComponentFactory="androidx.core.app.CoreComponentFactory"
60-->[androidx.core:core:1.6.0] AndroidManifest.xml:24:18-86
61        android:icon="@mipmap/ic_launcher"
61-->src/main/AndroidManifest.xml:17:9-43
62        android:label="handover"
62-->src/main/AndroidManifest.xml:16:10-34
63        android:supportsRtl="true"
63-->[com.facebook.android:facebook-login:9.1.0] AndroidManifest.xml:28:18-44
64        android:usesCleartextTraffic="true" >
64-->src/main/AndroidManifest.xml:18:9-44
65        <meta-data
65-->src/main/AndroidManifest.xml:19:9-107
66            android:name="com.facebook.sdk.ApplicationId"
66-->src/main/AndroidManifest.xml:19:20-65
67            android:value="@string/facebook_app_id" />
67-->src/main/AndroidManifest.xml:19:66-105
68
69        <activity
69-->src/main/AndroidManifest.xml:20:9-184
70            android:name="com.facebook.FacebookActivity"
70-->src/main/AndroidManifest.xml:20:19-63
71            android:configChanges="keyboard|keyboardHidden|screenLayout|screenSize|orientation"
71-->src/main/AndroidManifest.xml:20:64-148
72            android:label="@string/app_name"
72-->src/main/AndroidManifest.xml:20:149-181
73            android:theme="@style/com_facebook_activity_theme" />
73-->[com.facebook.android:facebook-common:9.1.0] AndroidManifest.xml:33:13-63
74        <activity
74-->src/main/AndroidManifest.xml:21:9-26:20
75            android:name="com.facebook.CustomTabActivity"
75-->src/main/AndroidManifest.xml:21:19-64
76            android:exported="true" >
76-->src/main/AndroidManifest.xml:21:65-88
77            <intent-filter>
77-->src/main/AndroidManifest.xml:22:13-25:92
78                <action android:name="android.intent.action.VIEW" />
78-->src/main/AndroidManifest.xml:22:29-81
78-->src/main/AndroidManifest.xml:22:37-78
79
80                <category android:name="android.intent.category.DEFAULT" />
80-->src/main/AndroidManifest.xml:23:17-76
80-->src/main/AndroidManifest.xml:23:27-73
81                <category android:name="android.intent.category.BROWSABLE" />
81-->src/main/AndroidManifest.xml:24:17-78
81-->src/main/AndroidManifest.xml:24:27-75
82
83                <data android:scheme="@string/fb_login_protocol_scheme" />
83-->src/main/AndroidManifest.xml:25:17-75
83-->src/main/AndroidManifest.xml:25:23-72
84            </intent-filter>
85            <intent-filter>
85-->[com.facebook.android:facebook-common:9.1.0] AndroidManifest.xml:39:13-48:29
86                <action android:name="android.intent.action.VIEW" />
86-->src/main/AndroidManifest.xml:22:29-81
86-->src/main/AndroidManifest.xml:22:37-78
87
88                <category android:name="android.intent.category.DEFAULT" />
88-->src/main/AndroidManifest.xml:23:17-76
88-->src/main/AndroidManifest.xml:23:27-73
89                <category android:name="android.intent.category.BROWSABLE" />
89-->src/main/AndroidManifest.xml:24:17-78
89-->src/main/AndroidManifest.xml:24:27-75
90
91                <data
91-->src/main/AndroidManifest.xml:25:17-75
92                    android:host="cct.com.coglix.handover"
92-->src/main/AndroidManifest.xml:73:78-98
93                    android:scheme="fbconnect" />
93-->src/main/AndroidManifest.xml:25:23-72
94            </intent-filter>
95        </activity>
96
97        <!-- Sample AdMob App ID: ca-app-pub-3940256099942544~3347511713 -->
98        <meta-data
98-->src/main/AndroidManifest.xml:29:9-31:70
99            android:name="com.google.android.gms.ads.APPLICATION_ID"
99-->src/main/AndroidManifest.xml:30:13-69
100            android:value="ca-app-pub-8378950220113691~3286609286" />
100-->src/main/AndroidManifest.xml:31:13-67
101
102        <activity
102-->src/main/AndroidManifest.xml:32:9-67:20
103            android:name="com.coglix.handover.MainActivity"
103-->src/main/AndroidManifest.xml:33:13-41
104            android:configChanges="orientation|keyboardHidden|keyboard|screenSize|smallestScreenSize|locale|layoutDirection|fontScale|screenLayout|density|uiMode"
104-->src/main/AndroidManifest.xml:36:13-163
105            android:hardwareAccelerated="true"
105-->src/main/AndroidManifest.xml:37:13-47
106            android:launchMode="singleTop"
106-->src/main/AndroidManifest.xml:34:13-43
107            android:theme="@style/LaunchTheme"
107-->src/main/AndroidManifest.xml:35:13-47
108            android:windowSoftInputMode="adjustResize" >
108-->src/main/AndroidManifest.xml:38:13-55
109
110            <!--
111                 Specifies an Android theme to apply to this Activity as soon as
112                 the Android process has started. This theme is visible to the user
113                 while the Flutter UI initializes. After that, this theme continues
114                 to determine the Window background behind the Flutter UI.
115            -->
116            <meta-data
116-->src/main/AndroidManifest.xml:43:13-46:17
117                android:name="io.flutter.embedding.android.NormalTheme"
117-->src/main/AndroidManifest.xml:44:15-70
118                android:resource="@style/NormalTheme" />
118-->src/main/AndroidManifest.xml:45:15-52
119            <!--
120                 Displays an Android View that continues showing the launch screen
121                 Drawable until Flutter paints its first frame, then this splash
122                 screen fades out. A splash screen is useful to avoid any visual
123                 gap between the end of Android's launch screen and the painting of
124                 Flutter's first frame.
125            -->
126            <meta-data
126-->src/main/AndroidManifest.xml:52:13-55:17
127                android:name="io.flutter.embedding.android.SplashScreenDrawable"
127-->src/main/AndroidManifest.xml:53:15-79
128                android:resource="@drawable/launch_background" />
128-->src/main/AndroidManifest.xml:54:15-61
129            <meta-data
129-->src/main/AndroidManifest.xml:56:13-58:75
130                android:name="com.google.firebase.messaging.default_notification_channel_id"
130-->src/main/AndroidManifest.xml:57:17-93
131                android:value="@string/default_notification_channel_id" />
131-->src/main/AndroidManifest.xml:58:17-72
132
133            <intent-filter>
133-->src/main/AndroidManifest.xml:59:13-62:29
134                <action android:name="android.intent.action.MAIN" />
134-->src/main/AndroidManifest.xml:60:17-68
134-->src/main/AndroidManifest.xml:60:25-66
135
136                <category android:name="android.intent.category.LAUNCHER" />
136-->src/main/AndroidManifest.xml:61:17-76
136-->src/main/AndroidManifest.xml:61:27-74
137            </intent-filter>
138            <intent-filter>
138-->src/main/AndroidManifest.xml:63:13-66:29
139                <action android:name="FLUTTER_NOTIFICATION_CLICK" />
139-->src/main/AndroidManifest.xml:64:17-69
139-->src/main/AndroidManifest.xml:64:25-66
140
141                <category android:name="android.intent.category.DEFAULT" />
141-->src/main/AndroidManifest.xml:23:17-76
141-->src/main/AndroidManifest.xml:23:27-73
142            </intent-filter>
143        </activity>
144        <activity
144-->src/main/AndroidManifest.xml:68:9-75:20
145            android:name="com.kakao.sdk.flutter.AuthCodeCustomTabsActivity"
145-->src/main/AndroidManifest.xml:68:19-82
146            android:exported="true"
146-->[:kakao_flutter_sdk] AndroidManifest.xml:25:13-36
147            android:launchMode="singleTask"
147-->[:kakao_flutter_sdk] AndroidManifest.xml:26:13-44
148            android:theme="@style/TransparentCompat" >
148-->[:kakao_flutter_sdk] AndroidManifest.xml:27:13-53
149            <intent-filter android:label="flutter_web_auth" >
149-->src/main/AndroidManifest.xml:69:13-74:29
149-->src/main/AndroidManifest.xml:69:28-60
150                <action android:name="android.intent.action.VIEW" />
150-->src/main/AndroidManifest.xml:22:29-81
150-->src/main/AndroidManifest.xml:22:37-78
151
152                <category android:name="android.intent.category.DEFAULT" />
152-->src/main/AndroidManifest.xml:23:17-76
152-->src/main/AndroidManifest.xml:23:27-73
153                <category android:name="android.intent.category.BROWSABLE" />
153-->src/main/AndroidManifest.xml:24:17-78
153-->src/main/AndroidManifest.xml:24:27-75
154
155                <data
155-->src/main/AndroidManifest.xml:25:17-75
156                    android:host="oauth"
156-->src/main/AndroidManifest.xml:73:78-98
157                    android:scheme="kakaobc60f7737e4db28ac9dbc1b0f6aec142" />
157-->src/main/AndroidManifest.xml:25:23-72
158            </intent-filter>
159        </activity>
160
161        <meta-data
161-->src/main/AndroidManifest.xml:76:9-78:64
162            android:name="com.kakao.sdk.AppKey"
162-->src/main/AndroidManifest.xml:77:13-48
163            android:value="bc60f7737e4db28ac9dbc1b0f6aec142" />
163-->src/main/AndroidManifest.xml:78:13-61
164        <!--
165             Don't delete the meta-data below.
166             This is used by the Flutter tool to generate GeneratedPluginRegistrant.java
167        -->
168        <meta-data
168-->src/main/AndroidManifest.xml:81:9-83:33
169            android:name="flutterEmbedding"
169-->src/main/AndroidManifest.xml:82:13-44
170            android:value="2" />
170-->src/main/AndroidManifest.xml:83:13-30
171
172        <receiver android:name="com.dexterous.flutterlocalnotifications.ScheduledNotificationBootReceiver" >
172-->src/main/AndroidManifest.xml:84:9-88:20
172-->src/main/AndroidManifest.xml:84:19-107
173            <intent-filter>
173-->src/main/AndroidManifest.xml:85:13-87:29
174                <action android:name="android.intent.action.BOOT_COMPLETED" />
174-->src/main/AndroidManifest.xml:86:17-86
174-->src/main/AndroidManifest.xml:86:25-76
175            </intent-filter>
176            <intent-filter>
176-->[:flutter_local_notifications] AndroidManifest.xml:14:13-19:29
177                <action android:name="android.intent.action.BOOT_COMPLETED" />
177-->src/main/AndroidManifest.xml:86:17-86
177-->src/main/AndroidManifest.xml:86:25-76
178                <action android:name="android.intent.action.MY_PACKAGE_REPLACED" />
178-->[:flutter_local_notifications] AndroidManifest.xml:16:17-84
178-->[:flutter_local_notifications] AndroidManifest.xml:16:25-81
179                <action android:name="android.intent.action.QUICKBOOT_POWERON" />
179-->[:flutter_local_notifications] AndroidManifest.xml:17:17-82
179-->[:flutter_local_notifications] AndroidManifest.xml:17:25-79
180                <action android:name="com.htc.intent.action.QUICKBOOT_POWERON" />
180-->[:flutter_local_notifications] AndroidManifest.xml:18:17-82
180-->[:flutter_local_notifications] AndroidManifest.xml:18:25-79
181            </intent-filter>
182        </receiver>
183
184        <provider
184-->[:image_picker] AndroidManifest.xml:11:9-19:20
185            android:name="io.flutter.plugins.imagepicker.ImagePickerFileProvider"
185-->[:image_picker] AndroidManifest.xml:12:13-82
186            android:authorities="com.coglix.handover.flutter.image_provider"
186-->[:image_picker] AndroidManifest.xml:13:13-74
187            android:exported="false"
187-->[:image_picker] AndroidManifest.xml:14:13-37
188            android:grantUriPermissions="true" >
188-->[:image_picker] AndroidManifest.xml:15:13-47
189            <meta-data
189-->[:image_picker] AndroidManifest.xml:16:13-18:75
190                android:name="android.support.FILE_PROVIDER_PATHS"
190-->[:image_picker] AndroidManifest.xml:17:17-67
191                android:resource="@xml/flutter_image_picker_file_paths" />
191-->[:image_picker] AndroidManifest.xml:18:17-72
192        </provider>
193
194        <meta-data
194-->[:google_mobile_ads] AndroidManifest.xml:10:9-12:36
195            android:name="io.flutter.embedded_views_preview"
195-->[:google_mobile_ads] AndroidManifest.xml:11:13-61
196            android:value="true" />
196-->[:google_mobile_ads] AndroidManifest.xml:12:13-33
197
198        <service
198-->[:cloud_firestore] AndroidManifest.xml:8:9-12:19
199            android:name="com.google.firebase.components.ComponentDiscoveryService"
199-->[:cloud_firestore] AndroidManifest.xml:8:18-89
200            android:directBootAware="true"
200-->[com.google.firebase:firebase-common:20.0.0] AndroidManifest.xml:35:13-43
201            android:exported="false" >
201-->[com.google.firebase:firebase-crashlytics-ktx:18.2.1] AndroidManifest.xml:26:13-37
202            <meta-data
202-->[:cloud_firestore] AndroidManifest.xml:9:13-11:85
203                android:name="com.google.firebase.components:io.flutter.plugins.firebase.firestore.FlutterFirebaseFirestoreRegistrar"
203-->[:cloud_firestore] AndroidManifest.xml:10:17-134
204                android:value="com.google.firebase.components.ComponentRegistrar" />
204-->[:cloud_firestore] AndroidManifest.xml:11:17-82
205            <meta-data
205-->[:firebase_auth] AndroidManifest.xml:9:13-11:85
206                android:name="com.google.firebase.components:io.flutter.plugins.firebase.auth.FlutterFirebaseAuthRegistrar"
206-->[:firebase_auth] AndroidManifest.xml:10:17-124
207                android:value="com.google.firebase.components.ComponentRegistrar" />
207-->[:firebase_auth] AndroidManifest.xml:11:17-82
208            <meta-data
208-->[:firebase_crashlytics] AndroidManifest.xml:9:13-11:85
209                android:name="com.google.firebase.components:io.flutter.plugins.firebase.crashlytics.FlutterFirebaseAppRegistrar"
209-->[:firebase_crashlytics] AndroidManifest.xml:10:17-130
210                android:value="com.google.firebase.components.ComponentRegistrar" />
210-->[:firebase_crashlytics] AndroidManifest.xml:11:17-82
211            <meta-data
211-->[:firebase_messaging] AndroidManifest.xml:34:13-36:85
212                android:name="com.google.firebase.components:io.flutter.plugins.firebase.messaging.FlutterFirebaseAppRegistrar"
212-->[:firebase_messaging] AndroidManifest.xml:35:17-128
213                android:value="com.google.firebase.components.ComponentRegistrar" />
213-->[:firebase_messaging] AndroidManifest.xml:36:17-82
214            <meta-data
214-->[:firebase_dynamic_links] AndroidManifest.xml:11:13-13:85
215                android:name="com.google.firebase.components:io.flutter.plugins.firebasedynamiclinks.FlutterFirebaseAppRegistrar"
215-->[:firebase_dynamic_links] AndroidManifest.xml:12:17-130
216                android:value="com.google.firebase.components.ComponentRegistrar" />
216-->[:firebase_dynamic_links] AndroidManifest.xml:13:17-82
217            <meta-data
217-->[:firebase_core] AndroidManifest.xml:9:13-11:85
218                android:name="com.google.firebase.components:io.flutter.plugins.firebase.core.FlutterFirebaseCoreRegistrar"
218-->[:firebase_core] AndroidManifest.xml:10:17-124
219                android:value="com.google.firebase.components.ComponentRegistrar" />
219-->[:firebase_core] AndroidManifest.xml:11:17-82
220            <meta-data
220-->[com.google.firebase:firebase-crashlytics-ktx:18.2.1] AndroidManifest.xml:27:13-29:85
221                android:name="com.google.firebase.components:com.google.firebase.crashlytics.ktx.FirebaseCrashlyticsKtxRegistrar"
221-->[com.google.firebase:firebase-crashlytics-ktx:18.2.1] AndroidManifest.xml:28:17-130
222                android:value="com.google.firebase.components.ComponentRegistrar" />
222-->[com.google.firebase:firebase-crashlytics-ktx:18.2.1] AndroidManifest.xml:29:17-82
223            <meta-data
223-->[com.google.firebase:firebase-analytics-ktx:19.0.0] AndroidManifest.xml:11:13-13:85
224                android:name="com.google.firebase.components:com.google.firebase.analytics.ktx.FirebaseAnalyticsKtxRegistrar"
224-->[com.google.firebase:firebase-analytics-ktx:19.0.0] AndroidManifest.xml:12:17-126
225                android:value="com.google.firebase.components.ComponentRegistrar" />
225-->[com.google.firebase:firebase-analytics-ktx:19.0.0] AndroidManifest.xml:13:17-82
226            <meta-data
226-->[com.google.firebase:firebase-auth-ktx:21.0.1] AndroidManifest.xml:11:13-13:85
227                android:name="com.google.firebase.components:com.google.firebase.auth.ktx.FirebaseAuthKtxRegistrar"
227-->[com.google.firebase:firebase-auth-ktx:21.0.1] AndroidManifest.xml:12:17-116
228                android:value="com.google.firebase.components.ComponentRegistrar" />
228-->[com.google.firebase:firebase-auth-ktx:21.0.1] AndroidManifest.xml:13:17-82
229            <meta-data
229-->[com.google.firebase:firebase-messaging-ktx:22.0.0] AndroidManifest.xml:29:13-31:85
230                android:name="com.google.firebase.components:com.google.firebase.messaging.ktx.FirebaseMessagingKtxRegistrar"
230-->[com.google.firebase:firebase-messaging-ktx:22.0.0] AndroidManifest.xml:30:17-126
231                android:value="com.google.firebase.components.ComponentRegistrar" />
231-->[com.google.firebase:firebase-messaging-ktx:22.0.0] AndroidManifest.xml:31:17-82
232            <meta-data
232-->[com.google.firebase:firebase-common-ktx:20.0.0] AndroidManifest.xml:15:13-17:85
233                android:name="com.google.firebase.components:com.google.firebase.ktx.FirebaseCommonKtxRegistrar"
233-->[com.google.firebase:firebase-common-ktx:20.0.0] AndroidManifest.xml:16:17-113
234                android:value="com.google.firebase.components.ComponentRegistrar" />
234-->[com.google.firebase:firebase-common-ktx:20.0.0] AndroidManifest.xml:17:17-82
235            <meta-data
235-->[com.google.android.gms:play-services-measurement-api:19.0.0] AndroidManifest.xml:30:13-32:85
236                android:name="com.google.firebase.components:com.google.firebase.analytics.connector.internal.AnalyticsConnectorRegistrar"
236-->[com.google.android.gms:play-services-measurement-api:19.0.0] AndroidManifest.xml:31:17-139
237                android:value="com.google.firebase.components.ComponentRegistrar" />
237-->[com.google.android.gms:play-services-measurement-api:19.0.0] AndroidManifest.xml:32:17-82
238            <meta-data
238-->[com.google.firebase:firebase-auth:21.0.1] AndroidManifest.xml:77:13-79:85
239                android:name="com.google.firebase.components:com.google.firebase.auth.FirebaseAuthRegistrar"
239-->[com.google.firebase:firebase-auth:21.0.1] AndroidManifest.xml:78:17-109
240                android:value="com.google.firebase.components.ComponentRegistrar" />
240-->[com.google.firebase:firebase-auth:21.0.1] AndroidManifest.xml:79:17-82
241            <meta-data
241-->[com.google.firebase:firebase-firestore:23.0.3] AndroidManifest.xml:20:13-22:85
242                android:name="com.google.firebase.components:com.google.firebase.firestore.FirestoreRegistrar"
242-->[com.google.firebase:firebase-firestore:23.0.3] AndroidManifest.xml:21:17-111
243                android:value="com.google.firebase.components.ComponentRegistrar" />
243-->[com.google.firebase:firebase-firestore:23.0.3] AndroidManifest.xml:22:17-82
244            <meta-data
244-->[com.google.firebase:firebase-messaging:22.0.0] AndroidManifest.xml:52:13-54:85
245                android:name="com.google.firebase.components:com.google.firebase.messaging.FirebaseMessagingRegistrar"
245-->[com.google.firebase:firebase-messaging:22.0.0] AndroidManifest.xml:53:17-119
246                android:value="com.google.firebase.components.ComponentRegistrar" />
246-->[com.google.firebase:firebase-messaging:22.0.0] AndroidManifest.xml:54:17-82
247            <meta-data
247-->[com.google.firebase:firebase-dynamic-links:20.1.1] AndroidManifest.xml:27:13-29:85
248                android:name="com.google.firebase.components:com.google.firebase.dynamiclinks.internal.FirebaseDynamicLinkRegistrar"
248-->[com.google.firebase:firebase-dynamic-links:20.1.1] AndroidManifest.xml:28:17-133
249                android:value="com.google.firebase.components.ComponentRegistrar" />
249-->[com.google.firebase:firebase-dynamic-links:20.1.1] AndroidManifest.xml:29:17-82
250            <meta-data
250-->[com.google.firebase:firebase-crashlytics:18.2.1] AndroidManifest.xml:18:13-20:85
251                android:name="com.google.firebase.components:com.google.firebase.crashlytics.CrashlyticsRegistrar"
251-->[com.google.firebase:firebase-crashlytics:18.2.1] AndroidManifest.xml:19:17-115
252                android:value="com.google.firebase.components.ComponentRegistrar" />
252-->[com.google.firebase:firebase-crashlytics:18.2.1] AndroidManifest.xml:20:17-82
253            <meta-data
253-->[com.google.firebase:firebase-datatransport:18.0.0] AndroidManifest.xml:28:13-30:85
254                android:name="com.google.firebase.components:com.google.firebase.datatransport.TransportRegistrar"
254-->[com.google.firebase:firebase-datatransport:18.0.0] AndroidManifest.xml:29:17-115
255                android:value="com.google.firebase.components.ComponentRegistrar" />
255-->[com.google.firebase:firebase-datatransport:18.0.0] AndroidManifest.xml:30:17-82
256            <meta-data
256-->[com.google.firebase:firebase-installations:17.0.0] AndroidManifest.xml:18:13-20:85
257                android:name="com.google.firebase.components:com.google.firebase.installations.FirebaseInstallationsRegistrar"
257-->[com.google.firebase:firebase-installations:17.0.0] AndroidManifest.xml:19:17-127
258                android:value="com.google.firebase.components.ComponentRegistrar" />
258-->[com.google.firebase:firebase-installations:17.0.0] AndroidManifest.xml:20:17-82
259        </service>
260
261        <receiver android:name="com.dexterous.flutterlocalnotifications.ScheduledNotificationReceiver" />
261-->[:flutter_local_notifications] AndroidManifest.xml:12:9-106
261-->[:flutter_local_notifications] AndroidManifest.xml:12:19-103
262
263        <activity
263-->[:kakao_flutter_sdk] AndroidManifest.xml:18:9-22:20
264            android:name="com.kakao.sdk.flutter.TalkAuthCodeActivity"
264-->[:kakao_flutter_sdk] AndroidManifest.xml:19:13-70
265            android:launchMode="singleTask"
265-->[:kakao_flutter_sdk] AndroidManifest.xml:20:13-44
266            android:theme="@style/TransparentCompat" >
266-->[:kakao_flutter_sdk] AndroidManifest.xml:21:13-53
267        </activity>
268
269        <service
269-->[:firebase_messaging] AndroidManifest.xml:12:9-15:72
270            android:name="io.flutter.plugins.firebase.messaging.FlutterFirebaseMessagingBackgroundService"
270-->[:firebase_messaging] AndroidManifest.xml:13:13-107
271            android:exported="false"
271-->[:firebase_messaging] AndroidManifest.xml:14:13-37
272            android:permission="android.permission.BIND_JOB_SERVICE" />
272-->[:firebase_messaging] AndroidManifest.xml:15:13-69
273        <service
273-->[:firebase_messaging] AndroidManifest.xml:16:9-22:19
274            android:name="io.flutter.plugins.firebase.messaging.FlutterFirebaseMessagingService"
274-->[:firebase_messaging] AndroidManifest.xml:17:13-97
275            android:exported="false" >
275-->[:firebase_messaging] AndroidManifest.xml:18:13-37
276            <intent-filter>
276-->[:firebase_messaging] AndroidManifest.xml:19:13-21:29
277                <action android:name="com.google.firebase.MESSAGING_EVENT" />
277-->[:firebase_messaging] AndroidManifest.xml:20:17-78
277-->[:firebase_messaging] AndroidManifest.xml:20:25-75
278            </intent-filter>
279        </service>
280
281        <receiver
281-->[:firebase_messaging] AndroidManifest.xml:24:9-31:20
282            android:name="io.flutter.plugins.firebase.messaging.FlutterFirebaseMessagingReceiver"
282-->[:firebase_messaging] AndroidManifest.xml:25:13-98
283            android:exported="true"
283-->[:firebase_messaging] AndroidManifest.xml:26:13-36
284            android:permission="com.google.android.c2dm.permission.SEND" >
284-->[:firebase_messaging] AndroidManifest.xml:27:13-73
285            <intent-filter>
285-->[:firebase_messaging] AndroidManifest.xml:28:13-30:29
286                <action android:name="com.google.android.c2dm.intent.RECEIVE" />
286-->[:firebase_messaging] AndroidManifest.xml:29:17-81
286-->[:firebase_messaging] AndroidManifest.xml:29:25-78
287            </intent-filter>
288        </receiver>
289
290        <provider
290-->[:firebase_messaging] AndroidManifest.xml:39:9-43:38
291            android:name="io.flutter.plugins.firebase.messaging.FlutterFirebaseMessagingInitProvider"
291-->[:firebase_messaging] AndroidManifest.xml:40:13-102
292            android:authorities="com.coglix.handover.flutterfirebasemessaginginitprovider"